make.exe all --print-data-base --no-builtin-variables --no-builtin-rules --question
make: *** No rule to make target 'all'.  Stop.

# GNU Make 4.3
# Built for Windows32
# Copyright (C) 1988-2020 Free Software Foundation, Inc.
# License GPLv3+: GNU GPL version 3 or later <http://gnu.org/licenses/gpl.html>
# This is free software: you are free to change and redistribute it.
# There is NO WARRANTY, to the extent permitted by law.

# Make data base, printed on Sun Jul 17 18:03:20 2022

# Variables

# environment
SYSTEMDRIVE = C:
# environment
LC_ALL = C
# environment
ACSVCPORT = 17532
# environment
USERPROFILE = C:\Users\lisai
# environment
LOCALAPPDATA = C:\Users\lisai\AppData\Local
# environment
VSCODE_CWD = E:\workspace\prototest
# environment
SYSTEMROOT = C:\Windows
# environment
PROCESSOR_LEVEL = 6
# environment
PSMODULEPATH = C:\Program Files\WindowsPowerShell\Modules;C:\Windows\system32\WindowsPowerShell\v1.0\Modules
# default
MAKE_COMMAND := make.exe
# automatic
@D = $(patsubst %/,%,$(patsubst %\,%,$(dir $@)))
# environment
CHROME_CRASHPAD_PIPE_NAME = \\.\pipe\crashpad_16468_YCGLMPRJDNECQOYS
# environment
VSCODE_HANDLES_UNCAUGHT_ERRORS = true
# default
.VARIABLES := 
# automatic
%D = $(patsubst %/,%,$(patsubst %\,%,$(dir $%)))
# automatic
^D = $(patsubst %/,%,$(patsubst %\,%,$(dir $^)))
# automatic
%F = $(notdir $%)
# environment
VSCODE_CODE_CACHE_PATH = C:\Users\lisai\AppData\Roaming\Code\CachedData\b06ae3b2d2dbfe28bca3134cc6be65935cdfea6a
# environment
LANG = C
# default
.LOADED := 
# environment
TMP = E:\Temp
# default
.INCLUDE_DIRS = .
# makefile
MAKEFLAGS = pqrR
# environment
ONEDRIVE = C:\Users\lisai\OneDrive
# makefile
CURDIR := e:/workspace/prototest
# environment
APPLICATION_INSIGHTS_NO_DIAGNOSTIC_CHANNEL = true
# automatic
*D = $(patsubst %/,%,$(patsubst %\,%,$(dir $*)))
# environment
PROGRAMFILES = C:\Program Files
# environment
MFLAGS = -pqrR
# default
.SHELLFLAGS := -c
# environment
COMMONPROGRAMW6432 = C:\Program Files\Common Files
# automatic
+D = $(patsubst %/,%,$(patsubst %\,%,$(dir $+)))
# makefile (from 'makefile', line 1)
MAKEFILE_LIST := makefile
# automatic
@F = $(notdir $@)
# environment
VSCODE_PID = 16468
# automatic
?D = $(patsubst %/,%,$(patsubst %\,%,$(dir $?)))
# automatic
*F = $(notdir $*)
# environment
LIB = D:\protobuf-3.3.0\lib;D:\protobuf\install\lib
# automatic
<D = $(patsubst %/,%,$(patsubst %\,%,$(dir $<)))
# environment
VSCODE_NLS_CONFIG = {"locale":"zh-cn","availableLanguages":{"*":"zh-cn"},"_languagePackId":"1d735750dbb1b9066c7513078396ba0f.zh-cn","_translationsConfigFile":"C:\\Users\\lisai\\AppData\\Roaming\\Code\\clp\\1d735750dbb1b9066c7513078396ba0f.zh-cn\\tcf.json","_cacheRoot":"C:\\Users\\lisai\\AppData\\Roaming\\Code\\clp\\1d735750dbb1b9066c7513078396ba0f.zh-cn","_resolvedLanguagePackCoreLocation":"C:\\Users\\lisai\\AppData\\Roaming\\Code\\clp\\1d735750dbb1b9066c7513078396ba0f.zh-cn\\b06ae3b2d2dbfe28bca3134cc6be65935cdfea6a","_corruptedFile":"C:\\Users\\lisai\\AppData\\Roaming\\Code\\clp\\1d735750dbb1b9066c7513078396ba0f.zh-cn\\corrupted.info","_languagePackSupport":true}
# environment
INCLUDE = D:\protoc-3.20.1-rc-1-win64\include;D:\protobuf-3.3.0\include;D:\protobuf\install\include;
# default
MAKE_HOST := Windows32
# environment
PROGRAMDATA = C:\ProgramData
# default
SHELL := sh.exe
# environment
HOMEPATH = \Users\lisai
# default
MAKECMDGOALS := all
# environment
DRIVERDATA = C:\Windows\System32\Drivers\DriverData
# environment
COMSPEC = C:\Windows\system32\cmd.exe
# environment
WINDIR = C:\Windows
# environment
MAKELEVEL := 0
# default
MAKE = $(MAKE_COMMAND)
# environment
PATH = C:\Program Files\Microsoft\jdk-11.0.12.7-hotspot\bin;C:\Windows\system32;C:\Windows;C:\Windows\System32\Wbem;C:\Windows\System32\WindowsPowerShell\v1.0\;C:\Windows\System32\OpenSSH\;C:\Program Files\Microsoft SQL Server\120\Tools\Binn\;C:\Program Files (x86)\NVIDIA Corporation\PhysX\Common;C:\Program Files\NVIDIA Corporation\NVIDIA NvDLISR;D:\cmake\bin;C:\Program Files\dotnet\;D:\mingw\bin;C:\Users\lisai\AppData\Local\Microsoft\WindowsApps;D:\Microsoft VS Code\Microsoft VS Code\bin;C:\Users\lisai\.dotnet\tools;D:\mingw\bin;
# environment
COMPUTERNAME = DESKTOP-3ADUCQI
# default
MAKEFILES := 
# automatic
^F = $(notdir $^)
# environment
PROMPT = $P$G
# environment
LOGONSERVER = \\DESKTOP-3ADUCQI
# environment
USERNAME = lisai
# environment
COMMONPROGRAMFILES = C:\Program Files\Common Files
# automatic
?F = $(notdir $?)
# environment
PROGRAMW6432 = C:\Program Files
# environment
PATHEXT = .COM;.EXE;.BAT;.CMD;.VBS;.VBE;.JS;.JSE;.WSF;.WSH;.MSC
# automatic
+F = $(notdir $+)
# environment
ORIGINAL_XDG_CURRENT_DESKTOP = undefined
# environment
USERDOMAIN = DESKTOP-3ADUCQI
# 'override' directive
GNUMAKEFLAGS := 
# environment
VS140COMNTOOLS = D:\Microsoft Visual Studio 14.0\Common7\Tools\
# environment
OS = Windows_NT
# environment
__COMPAT_LAYER = DetectorsAppHealth
# makefile
.DEFAULT_GOAL := test
# default
MAKE_VERSION := 4.3
# environment
PROGRAMFILES(X86) = C:\Program Files (x86)
# environment
USERDOMAIN_ROAMINGPROFILE = DESKTOP-3ADUCQI
# environment
NUMBER_OF_PROCESSORS = 12
# environment
PUBLIC = C:\Users\Public
# environment
APPDATA = C:\Users\lisai\AppData\Roaming
# environment
HOMEDRIVE = C:
# environment
PROCESSOR_ARCHITECTURE = AMD64
# environment
VSCODE_AMD_ENTRYPOINT = vs/workbench/api/node/extensionHostProcess
# environment
COMMONPROGRAMFILES(X86) = C:\Program Files (x86)\Common Files
# environment
ELECTRON_RUN_AS_NODE = 1
# environment
TEMP = E:\Temp
# environment
VSCODE_IPC_HOOK = \\.\pipe\ee20055c59da20b1b54b0b74fd26c1bb-1.69.1-main-sock
# default
.RECIPEPREFIX := 
# automatic
<F = $(notdir $<)
# default
SUFFIXES := 
# environment
ALLUSERSPROFILE = C:\ProgramData
# environment
SESSIONNAME = Console
# default
.FEATURES := target-specific order-only second-expansion else-if shortest-stem undefine oneshell nocomment grouped-target extra-prereqs archives jobserver output-sync load
# environment
PROCESSOR_REVISION = 9705
# environment
PROCESSOR_IDENTIFIER = Intel64 Family 6 Model 151 Stepping 5, GenuineIntel
# variable set hash-table stats:
# Load=91/1024=9%, Rehash=0, Collisions=7/118=6%

# Pattern-specific Variable Values

# No pattern-specific variable values.

# Directories

# . (key e:/workspace/prototest, mtime 1658052106): 12 files, no impossibilities.

# 12 files, no impossibilities in 1 directories.

# Implicit Rules

# No implicit rules.

# Files

# Not a target:
.DEFAULT:
#  Implicit rule search has not been done.
#  Modification time never checked.
#  File has not been updated.

# Not a target:
all:
#  Command line target.
#  Implicit rule search has been done.
#  File does not exist.
#  File has not been updated.

test: main.o
#  Implicit rule search has not been done.
#  Modification time never checked.
#  File has not been updated.
#  recipe to execute (from 'makefile', line 2):
	g++ -std=c++11 *.cpp *.cc -o test -I D:\protobuf_src\install\include -L ./ -lprotobuf -lprotoc -llibprotobuf-lite

# Not a target:
main.o:
#  Implicit rule search has not been done.
#  Modification time never checked.
#  File has not been updated.

# Not a target:
makefile:
#  Implicit rule search has been done.
#  Last modified 2022-07-17 18:03:20
#  File has been updated.
#  Successfully updated.

# files hash-table stats:
# Load=6/1024=1%, Rehash=0, Collisions=0/17=0%
# VPATH Search Paths

# No 'vpath' search paths.

# No general ('VPATH' variable) search path.

# strcache buffers: 1 (0) / strings = 17 / storage = 160 B / avg = 9 B
# current buf: size = 8162 B / used = 160 B / count = 17 / avg = 9 B

# strcache performance: lookups = 22 / hit rate = 22%
# hash-table stats:
# Load=17/8192=0%, Rehash=0, Collisions=0/22=0%
# Finished Make data base on Sun Jul 17 18:03:20 2022

 
